<?xml version="1.0" encoding="UTF-8"?>
<testsuite xmlns:xsi="http://www.w3.org/2001/XMLSchema-instance" xsi:noNamespaceSchemaLocation="https://maven.apache.org/surefire/maven-surefire-plugin/xsd/surefire-test-report-3.0.xsd" version="3.0" name="travis_ci_tutorial_java.SimpleCalculatorTest" time="0.0" tests="3" errors="0" skipped="0" failures="0">
  <properties>
[...]
</properties>
  <testcase name="testAdd" classname="travis_ci_tutorial_java.SimpleCalculatorTest" time="0.0"/>
  <testcase name="testMinus" classname="travis_ci_tutorial_java.SimpleCalculatorTest" time="0.0"/>
  <testcase name="testMultiply" classname="travis_ci_tutorial_java.SimpleCalculatorTest" time="0.0"/>
</testsuite>